2024-10-22 18:29:05,038 [INFO] Activator:176 - 


2024-10-22 18:29:05,047 [INFO] Activator:177 - !SESSION log4j initialized
2024-10-22 18:29:14,922 [INFO] LogOutputStream:77 - [STDOUT_REDIRECT] 
2024-10-22 18:29:18,566 [ERROR] LogOutputStream:75 - [STDERR_REDIRECT] 
2024-10-22 18:29:23,253 [INFO] LogOutputStream:77 - [STDOUT_REDIRECT] 
2024-10-22 18:29:25,618 [INFO] ApplicationProperties:184 - Using Application install path: /Applications/STM32CubeIDE.app/Contents/Eclipse/plugins/com.st.stm32cube.common.mx_6.12.1.202409122256
2024-10-22 18:29:25,645 [INFO] DbMcusXml:78 - Set database path to: /Applications/STM32CubeIDE.app/Contents/Eclipse/plugins/com.st.stm32cube.common.mx_6.12.1.202409122256//db//mcu/
2024-10-22 18:29:25,646 [INFO] ApiDb:274 - Set plugin database path to: /Applications/STM32CubeIDE.app/Contents/Eclipse/plugins/com.st.stm32cube.common.mx_6.12.1.202409122256//db//plugins/boardmanager/
2024-10-22 18:29:25,646 [WARN] ApiDb:259 - Overriding images path with different value:  => /Applications/STM32CubeIDE.app/Contents/Eclipse/plugins/com.st.stm32cube.common.mx_6.12.1.202409122256//db//plugins/mcufinder/images/
2024-10-22 18:29:25,655 [INFO] ApiDb:250 - Set database path to: /var/root/.stmcufinder/plugins/mcufinder//mcu/
2024-10-22 18:29:25,656 [INFO] DbMcusAds:125 - Set database path to: /var/root/.stmcufinder/plugins/mcufinder//mcu/
2024-10-22 18:29:25,659 [INFO] CrossReferenceDbSqlite:203 - Set database path to: /var/root/.stmcufinder/plugins/mcufinder//mcu/cs/
2024-10-22 18:29:25,857 [INFO] RulesReader:64 - Compatibility file has been processed (297 Rules)
2024-10-22 18:29:25,956 [INFO] DbMcusXml:78 - Set database path to: /Applications/STM32CubeIDE.app/Contents/Eclipse/plugins/com.st.stm32cube.common.mx_6.12.1.202409122256//db//mcu/
2024-10-22 18:29:25,956 [INFO] ApiDb:274 - Set plugin database path to: /Applications/STM32CubeIDE.app/Contents/Eclipse/plugins/com.st.stm32cube.common.mx_6.12.1.202409122256//db//plugins/boardmanager/
2024-10-22 18:29:25,957 [INFO] ApiDb:261 - Set plugin images path to: /Applications/STM32CubeIDE.app/Contents/Eclipse/plugins/com.st.stm32cube.common.mx_6.12.1.202409122256//db//plugins/mcufinder/images/
2024-10-22 18:29:25,957 [WARN] DbFile:41 - Overriding database path with different value: /var/root/.stmcufinder/plugins/mcufinder/ => /var/root/.stmcufinder/plugins/mcufinder
2024-10-22 18:29:25,957 [INFO] ApiDb:250 - Set database path to: /var/root/.stmcufinder/plugins/mcufinder//mcu/
2024-10-22 18:29:25,957 [WARN] DbFile:41 - Overriding database path with different value: /var/root/.stmcufinder/plugins/mcufinder/ => /var/root/.stmcufinder/plugins/mcufinder
2024-10-22 18:29:25,958 [INFO] DbMcusAds:125 - Set database path to: /var/root/.stmcufinder/plugins/mcufinder//mcu/
2024-10-22 18:29:25,958 [WARN] DbFile:41 - Overriding database path with different value: /var/root/.stmcufinder/plugins/mcufinder/ => /var/root/.stmcufinder/plugins/mcufinder
2024-10-22 18:29:25,958 [WARN] DbFile:41 - Overriding database path with different value: /var/root/.stmcufinder/plugins/mcufinder/ => /var/root/.stmcufinder/plugins/mcufinder
2024-10-22 18:29:25,958 [INFO] CrossReferenceDbSqlite:203 - Set database path to: /var/root/.stmcufinder/plugins/mcufinder//mcu/cs/
2024-10-22 18:29:26,200 [INFO] MainPanel:268 - HeapMemory: 268435456
2024-10-22 18:29:27,934 [INFO] DbMcusXml:78 - Set database path to: /Applications/STM32CubeIDE.app/Contents/Eclipse/plugins/com.st.stm32cube.common.mx_6.12.1.202409122256//db//mcu/
2024-10-22 18:29:27,935 [INFO] ApiDb:274 - Set plugin database path to: /Applications/STM32CubeIDE.app/Contents/Eclipse/plugins/com.st.stm32cube.common.mx_6.12.1.202409122256//db//plugins/boardmanager/
2024-10-22 18:29:27,936 [INFO] ApiDb:261 - Set plugin images path to: /Applications/STM32CubeIDE.app/Contents/Eclipse/plugins/com.st.stm32cube.common.mx_6.12.1.202409122256//db//plugins/mcufinder/images/
2024-10-22 18:29:27,936 [WARN] DbFile:41 - Overriding database path with different value: /var/root/.stmcufinder/plugins/mcufinder/ => /var/root/.stmcufinder/plugins/mcufinder
2024-10-22 18:29:27,936 [INFO] ApiDb:250 - Set database path to: /var/root/.stmcufinder/plugins/mcufinder//mcu/
2024-10-22 18:29:27,936 [WARN] DbFile:41 - Overriding database path with different value: /var/root/.stmcufinder/plugins/mcufinder/ => /var/root/.stmcufinder/plugins/mcufinder
2024-10-22 18:29:27,936 [INFO] DbMcusAds:125 - Set database path to: /var/root/.stmcufinder/plugins/mcufinder//mcu/
2024-10-22 18:29:27,936 [WARN] DbFile:41 - Overriding database path with different value: /var/root/.stmcufinder/plugins/mcufinder/ => /var/root/.stmcufinder/plugins/mcufinder
2024-10-22 18:29:27,937 [WARN] DbFile:41 - Overriding database path with different value: /var/root/.stmcufinder/plugins/mcufinder/ => /var/root/.stmcufinder/plugins/mcufinder
2024-10-22 18:29:27,937 [INFO] CrossReferenceDbSqlite:203 - Set database path to: /var/root/.stmcufinder/plugins/mcufinder//mcu/cs/
2024-10-22 18:29:27,963 [INFO] ApplicationProperties:184 - Using Application install path: /Applications/STM32CubeIDE.app/Contents/Eclipse/plugins/com.st.stm32cube.common.mx_6.12.1.202409122256
2024-10-22 18:29:27,965 [INFO] PluginManage:196 - Search for loadable plugins [exclusion list=, ]
2024-10-22 18:29:27,970 [INFO] PluginManage:310 - Check plugin analytics
2024-10-22 18:29:28,264 [INFO] AnalyticsPlugin:253 - Accepted Software Licenses: 
2024-10-22 18:29:28,264 [INFO] AnalyticsPlugin:255 - Accepted CMSIS Pack Licenses: 
2024-10-22 18:29:28,264 [INFO] AnalyticsPlugin:257 - Accepted Firmware Licenses: 
2024-10-22 18:29:28,285 [INFO] PluginManage:359 - Loaded plugin analytics (category:tool,tabindex:-1)
2024-10-22 18:29:28,287 [INFO] PluginManage:310 - Check plugin cadmodel
2024-10-22 18:29:28,303 [INFO] CADModel:105 - Init CAD model plugin
2024-10-22 18:29:28,303 [INFO] PluginManage:359 - Loaded plugin cadmodel (category:power,tabindex:5)
2024-10-22 18:29:28,304 [INFO] PluginManage:310 - Check plugin clock
2024-10-22 18:29:28,320 [INFO] PluginManage:359 - Loaded plugin clock (category:base,tabindex:2)
2024-10-22 18:29:28,321 [INFO] PluginManage:310 - Check plugin ddr
2024-10-22 18:29:28,324 [INFO] PluginManage:359 - Loaded plugin ddr (category:tool,tabindex:6)
2024-10-22 18:29:28,324 [INFO] PluginManage:310 - Check plugin filemanager
2024-10-22 18:29:28,539 [INFO] PluginManage:359 - Loaded plugin filemanager (category:base,tabindex:10)
2024-10-22 18:29:28,539 [INFO] PluginManage:310 - Check plugin ipmanager
2024-10-22 18:29:28,554 [INFO] PluginManage:359 - Loaded plugin ipmanager (category:base,tabindex:5)
2024-10-22 18:29:28,555 [INFO] PluginManage:310 - Check plugin lpbam
2024-10-22 18:29:28,571 [INFO] PluginManage:359 - Loaded plugin lpbam (category:base,tabindex:0)
2024-10-22 18:29:28,571 [INFO] PluginManage:310 - Check plugin memorymap
2024-10-22 18:29:28,595 [INFO] PluginManage:359 - Loaded plugin memorymap (category:base,tabindex:4)
2024-10-22 18:29:28,595 [INFO] PluginManage:310 - Check plugin pinoutandconfiguration
2024-10-22 18:29:28,605 [INFO] PluginManage:359 - Loaded plugin pinoutandconfiguration (category:base,tabindex:1)
2024-10-22 18:29:28,605 [INFO] PluginManage:310 - Check plugin pinoutconfig
2024-10-22 18:29:28,727 [WARN] SupportedApi:132 - Cannot load RTOS API schema: s4s-elt-must-match.1: The content of 'definitions' must match (annotation?, (simpleType | complexType)?, (unique | key | keyref)*)). A problem was found starting at: attribute.
2024-10-22 18:29:28,941 [INFO] PluginManage:359 - Loaded plugin pinoutconfig (category:base,tabindex:0)
2024-10-22 18:29:28,942 [INFO] PluginManage:310 - Check plugin power
2024-10-22 18:29:28,959 [INFO] PluginManage:359 - Loaded plugin power (category:power,tabindex:4)
2024-10-22 18:29:28,960 [INFO] PluginManage:310 - Check plugin projectmanager
2024-10-22 18:29:29,007 [INFO] PluginManage:359 - Loaded plugin projectmanager (category:projectmanager,tabindex:4)
2024-10-22 18:29:29,007 [INFO] PluginManage:310 - Check plugin rif
2024-10-22 18:29:29,015 [INFO] PluginManage:359 - Loaded plugin rif (category:base,tabindex:3)
2024-10-22 18:29:29,015 [INFO] PluginManage:310 - Check plugin thirdparty
2024-10-22 18:29:29,218 [INFO] PluginManage:359 - Loaded plugin thirdparty (category:base,tabindex:-1)
2024-10-22 18:29:29,219 [INFO] PluginManage:310 - Check plugin tools
2024-10-22 18:29:29,218 [WARN] IntegrityCheckThread:84 - waiting for thirdparty lock release [integrity check]
2024-10-22 18:29:29,220 [INFO] IntegrityCheckThread:86 - entering critical section [integrity check]
2024-10-22 18:29:29,221 [INFO] ThirdPartyUpdaterWithRetryManager:70 - Updater plugin not ready yet. [1/15]
2024-10-22 18:29:29,223 [INFO] PluginManage:359 - Loaded plugin tools (category:base,tabindex:7)
2024-10-22 18:29:29,224 [INFO] PluginManage:310 - Check plugin tutovideos
2024-10-22 18:29:29,533 [INFO] PluginManage:359 - Loaded plugin tutovideos (category:base,tabindex:-1)
2024-10-22 18:29:29,535 [INFO] PluginManage:310 - Check plugin updater
2024-10-22 18:29:29,602 [INFO] PluginManage:359 - Loaded plugin updater (category:base,tabindex:12)
2024-10-22 18:29:29,604 [INFO] PluginManage:310 - Check plugin userauth
2024-10-22 18:29:29,618 [INFO] UserAuth:113 - Init User Auth plugin
2024-10-22 18:29:29,619 [INFO] PluginManage:359 - Loaded plugin userauth (category:base,tabindex:14)
2024-10-22 18:29:29,621 [INFO] PluginManage:283 - PluginManage : Loaded plugins [18]
2024-10-22 18:29:29,967 [INFO] PinOutPanel:1561 - setPackage(No Configuration,No Configuration)
2024-10-22 18:29:30,278 [INFO] CADModel:165 - CPN selected for project level
2024-10-22 18:29:30,280 [INFO] CADModel:114 - Register for checkConnection events
2024-10-22 18:29:30,304 [INFO] IPUIPlugin:80 - create IPUIPlugin
2024-10-22 18:29:30,304 [INFO] PluginManager:220 - loadIPPluginJar : add mdma
2024-10-22 18:29:30,312 [INFO] IPUIPlugin:80 - create IPUIPlugin
2024-10-22 18:29:30,312 [INFO] PluginManager:220 - loadIPPluginJar : add freertos
2024-10-22 18:29:30,319 [INFO] IPUIPlugin:80 - create IPUIPlugin
2024-10-22 18:29:30,320 [INFO] PluginManager:220 - loadIPPluginJar : add gic
2024-10-22 18:29:30,327 [INFO] IPUIPlugin:80 - create IPUIPlugin
2024-10-22 18:29:30,327 [INFO] PluginManager:220 - loadIPPluginJar : add adc
2024-10-22 18:29:30,330 [INFO] IPUIPlugin:80 - create IPUIPlugin
2024-10-22 18:29:30,330 [INFO] PluginManager:220 - loadIPPluginJar : add gtzc
2024-10-22 18:29:30,332 [INFO] IPUIPlugin:80 - create IPUIPlugin
2024-10-22 18:29:30,332 [INFO] PluginManager:220 - loadIPPluginJar : add quadspi
2024-10-22 18:29:30,336 [INFO] IPUIPlugin:80 - create IPUIPlugin
2024-10-22 18:29:30,337 [INFO] PluginManager:220 - loadIPPluginJar : add aes
2024-10-22 18:29:30,343 [INFO] IPUIPlugin:80 - create IPUIPlugin
2024-10-22 18:29:30,343 [INFO] PluginManager:220 - loadIPPluginJar : add pdm2pcm
2024-10-22 18:29:30,346 [INFO] IPUIPlugin:80 - create IPUIPlugin
2024-10-22 18:29:30,346 [INFO] PluginManager:220 - loadIPPluginJar : add hash
2024-10-22 18:29:30,348 [INFO] IPUIPlugin:80 - create IPUIPlugin
2024-10-22 18:29:30,348 [INFO] PluginManager:220 - loadIPPluginJar : add tim
2024-10-22 18:29:30,351 [INFO] IPUIPlugin:80 - create IPUIPlugin
2024-10-22 18:29:30,351 [INFO] PluginManager:220 - loadIPPluginJar : add tsc
2024-10-22 18:29:30,353 [INFO] IPUIPlugin:80 - create IPUIPlugin
2024-10-22 18:29:30,353 [INFO] PluginManager:220 - loadIPPluginJar : add extmemmanager
2024-10-22 18:29:30,355 [INFO] IPUIPlugin:80 - create IPUIPlugin
2024-10-22 18:29:30,355 [INFO] PluginManager:220 - loadIPPluginJar : add ts
2024-10-22 18:29:30,356 [INFO] IPUIPlugin:80 - create IPUIPlugin
2024-10-22 18:29:30,357 [INFO] PluginManager:220 - loadIPPluginJar : add radio
2024-10-22 18:29:30,359 [INFO] IPUIPlugin:80 - create IPUIPlugin
2024-10-22 18:29:30,359 [INFO] PluginManager:220 - loadIPPluginJar : add can
2024-10-22 18:29:30,362 [INFO] IPUIPlugin:80 - create IPUIPlugin
2024-10-22 18:29:30,362 [INFO] PluginManager:220 - loadIPPluginJar : add dma3
2024-10-22 18:29:30,364 [INFO] IPUIPlugin:80 - create IPUIPlugin
2024-10-22 18:29:30,364 [INFO] PluginManager:220 - loadIPPluginJar : add dfsdm
2024-10-22 18:29:30,365 [INFO] IPUIPlugin:80 - create IPUIPlugin
2024-10-22 18:29:30,365 [INFO] PluginManager:220 - loadIPPluginJar : add spi
2024-10-22 18:29:30,366 [INFO] IPUIPlugin:80 - create IPUIPlugin
2024-10-22 18:29:30,367 [INFO] PluginManager:220 - loadIPPluginJar : add gfxmmu
2024-10-22 18:29:30,369 [INFO] IPUIPlugin:80 - create IPUIPlugin
2024-10-22 18:29:30,369 [INFO] PluginManager:220 - loadIPPluginJar : add genericplugin
2024-10-22 18:29:30,372 [INFO] IPUIPlugin:80 - create IPUIPlugin
2024-10-22 18:29:30,373 [INFO] PluginManager:220 - loadIPPluginJar : add cryp
2024-10-22 18:29:30,383 [INFO] IPUIPlugin:80 - create IPUIPlugin
2024-10-22 18:29:30,384 [INFO] PluginManager:220 - loadIPPluginJar : add gpio
2024-10-22 18:29:30,387 [INFO] IPUIPlugin:80 - create IPUIPlugin
2024-10-22 18:29:30,387 [INFO] PluginManager:220 - loadIPPluginJar : add ddr_ctrl_phy
2024-10-22 18:29:30,389 [INFO] IPUIPlugin:80 - create IPUIPlugin
2024-10-22 18:29:30,389 [INFO] PluginManager:220 - loadIPPluginJar : add comp
2024-10-22 18:29:30,391 [INFO] IPUIPlugin:80 - create IPUIPlugin
2024-10-22 18:29:30,392 [INFO] PluginManager:220 - loadIPPluginJar : add tracer_emb
2024-10-22 18:29:30,394 [INFO] IPUIPlugin:80 - create IPUIPlugin
2024-10-22 18:29:30,394 [INFO] PluginManager:220 - loadIPPluginJar : add openamp
2024-10-22 18:29:30,399 [INFO] IPUIPlugin:80 - create IPUIPlugin
2024-10-22 18:29:30,399 [INFO] PluginManager:220 - loadIPPluginJar : add stm32_wpan
2024-10-22 18:29:30,409 [INFO] IPUIPlugin:80 - create IPUIPlugin
2024-10-22 18:29:30,424 [INFO] PluginManager:220 - loadIPPluginJar : add plateformsettings
2024-10-22 18:29:30,428 [INFO] IPUIPlugin:80 - create IPUIPlugin
2024-10-22 18:29:30,428 [INFO] PluginManager:220 - loadIPPluginJar : add ipddr
2024-10-22 18:29:30,431 [INFO] IPUIPlugin:80 - create IPUIPlugin
2024-10-22 18:29:30,431 [INFO] PluginManager:220 - loadIPPluginJar : add usart
2024-10-22 18:29:30,433 [INFO] IPUIPlugin:80 - create IPUIPlugin
2024-10-22 18:29:30,433 [INFO] PluginManager:220 - loadIPPluginJar : add ltdc
2024-10-22 18:29:30,435 [INFO] IPUIPlugin:80 - create IPUIPlugin
2024-10-22 18:29:30,435 [INFO] PluginManager:220 - loadIPPluginJar : add nvic
2024-10-22 18:29:30,436 [INFO] IPUIPlugin:80 - create IPUIPlugin
2024-10-22 18:29:30,473 [INFO] PluginManager:220 - loadIPPluginJar : add fatfs
2024-10-22 18:29:30,479 [INFO] IPUIPlugin:80 - create IPUIPlugin
2024-10-22 18:29:30,479 [INFO] PluginManager:220 - loadIPPluginJar : add linkedlist
2024-10-22 18:29:30,484 [INFO] IPUIPlugin:80 - create IPUIPlugin
2024-10-22 18:29:30,484 [INFO] PluginManager:220 - loadIPPluginJar : add dma
2024-10-22 18:29:30,487 [INFO] IPUIPlugin:80 - create IPUIPlugin
2024-10-22 18:29:30,487 [INFO] PluginManager:220 - loadIPPluginJar : add fmc
2024-10-22 18:29:30,488 [INFO] IPUIPlugin:80 - create IPUIPlugin
2024-10-22 18:29:30,488 [INFO] PluginManager:220 - loadIPPluginJar : add i2s
2024-10-22 18:29:30,490 [INFO] IPUIPlugin:80 - create IPUIPlugin
2024-10-22 18:29:30,490 [INFO] PluginManager:220 - loadIPPluginJar : add ucpd
2024-10-22 18:29:30,492 [INFO] IPUIPlugin:80 - create IPUIPlugin
2024-10-22 18:29:30,492 [INFO] PluginManager:220 - loadIPPluginJar : add lorawan
2024-10-22 18:29:30,495 [INFO] IPUIPlugin:80 - create IPUIPlugin
2024-10-22 18:29:30,495 [INFO] PluginManager:220 - loadIPPluginJar : add opamp
2024-10-22 18:29:30,507 [INFO] IPUIPlugin:80 - create IPUIPlugin
2024-10-22 18:29:30,509 [INFO] PluginManager:220 - loadIPPluginJar : add i3c
2024-10-22 18:29:30,521 [INFO] IPUIPlugin:80 - create IPUIPlugin
2024-10-22 18:29:30,578 [INFO] PluginManager:220 - loadIPPluginJar : add touchsensing
2024-10-22 18:29:30,589 [INFO] IPUIPlugin:80 - create IPUIPlugin
2024-10-22 18:29:30,589 [INFO] PluginManager:220 - loadIPPluginJar : add i2c
2024-10-22 18:29:30,593 [INFO] IPUIPlugin:80 - create IPUIPlugin
2024-10-22 18:29:30,593 [INFO] PluginManager:220 - loadIPPluginJar : add resmgrutility
2024-10-22 18:29:30,596 [INFO] IPUIPlugin:80 - create IPUIPlugin
2024-10-22 18:29:30,597 [INFO] PluginManager:220 - loadIPPluginJar : add sai
2024-10-22 18:29:30,599 [INFO] IPUIPlugin:80 - create IPUIPlugin
2024-10-22 18:29:30,599 [INFO] PluginManager:220 - loadIPPluginJar : add usbx
2024-10-22 18:29:30,750 [INFO] CADModel:165 - CPN selected for project level
2024-10-22 18:29:30,750 [INFO] CADModel:114 - Register for checkConnection events
2024-10-22 18:29:30,751 [FATAL] Updater:334 - Updater called before beeing initialized
2024-10-22 18:29:30,751 [ERROR] CADModel:125 - Updater not yet initialized, retry later 
2024-10-22 18:29:30,808 [ERROR] LogOutputStream:75 - [STDERR_REDIRECT] [Fatal Error] :2:10: DOCTYPE is disallowed when the feature "http://apache.org/xml/features/disallow-doctype-decl" set to true.
2024-10-22 18:29:30,812 [ERROR] LogOutputStream:75 - [STDERR_REDIRECT] 
2024-10-22 18:29:31,219 [INFO] CADModel:165 - CPN selected for project level
2024-10-22 18:29:31,219 [INFO] CADModel:114 - Register for checkConnection events
2024-10-22 18:29:31,219 [FATAL] Updater:334 - Updater called before beeing initialized
2024-10-22 18:29:31,219 [ERROR] CADModel:125 - Updater not yet initialized, retry later 
2024-10-22 18:29:31,224 [FATAL] Updater:334 - Updater called before beeing initialized
2024-10-22 18:29:31,408 [FATAL] Updater:334 - Updater called before beeing initialized
2024-10-22 18:29:31,414 [INFO] DbMcusAds:53 - JSON generation date=Thu Sep 30 02:55:09 EDT 2021 (1632984909247)
2024-10-22 18:29:31,415 [FATAL] Updater:334 - Updater called before beeing initialized
2024-10-22 18:29:31,929 [WARN] DetailPanel:346 - Failed to get advertising image, set to default
2024-10-22 18:29:32,048 [FATAL] Updater:334 - Updater called before beeing initialized
2024-10-22 18:29:32,057 [FATAL] Updater:334 - Updater called before beeing initialized
2024-10-22 18:29:32,057 [FATAL] Updater:334 - Updater called before beeing initialized
2024-10-22 18:29:32,057 [WARN] DetailPanel:346 - Failed to get advertising image, set to default
2024-10-22 18:29:32,058 [FATAL] Updater:334 - Updater called before beeing initialized
2024-10-22 18:29:32,160 [ERROR] Updater:1164 - MainUpdater not yet initialized. External WinMGr cannot be set.
2024-10-22 18:29:32,169 [INFO] Updater:1100 - Updater Version found : 6.12.1
2024-10-22 18:29:32,188 [INFO] ApplicationProperties:184 - Using Application install path: /Applications/STM32CubeIDE.app/Contents/Eclipse/plugins/com.st.stm32cube.common.mx_6.12.1.202409122256
2024-10-22 18:29:32,226 [INFO] ThirdPartyUpdaterWithRetryManager:70 - Updater plugin not ready yet. [2/15]
2024-10-22 18:29:33,082 [INFO] MainUpdater:2873 - connection check result : 10
2024-10-22 18:29:33,083 [INFO] MainUpdater:3567 - Updater definition file requires update
2024-10-22 18:29:33,083 [INFO] MainUpdater:290 - Updater Check For Update Now.
2024-10-22 18:29:33,084 [INFO] MicroXplorer:498 - Change Database Version : DB.6.0.121
2024-10-22 18:29:33,093 [INFO] McuFinderGlobals:63 - Set McuFinder mode to 2 (CubeIDE integrated)
2024-10-22 18:29:33,096 [INFO] UserAuth:179 - activating auth plugin
2024-10-22 18:29:33,122 [INFO] UserAuth:417 - Internet connection configuration mode: 1
2024-10-22 18:29:33,140 [INFO] JxBrowserEngine:152 - Initiate JxBrowser Engine with user profile folder
2024-10-22 18:29:33,569 [INFO] ServerAccessManage:473 - Download File updaters.zip
2024-10-22 18:29:33,836 [INFO] FileExtend:240 - Unzip File : updaters.zip
2024-10-22 18:29:33,837 [INFO] FileExtend:255 - Standard Zip Deflate
2024-10-22 18:29:34,387 [INFO] ServerAccessManage:473 - Download File PacksControlFlags.xml
2024-10-22 18:29:34,914 [INFO] ServerAccessManage:473 - Download File cubemx.pidx
2024-10-22 18:29:35,114 [INFO] LoadServerUpdatesThread:375 - End of LoadServerUpdate Thread
2024-10-22 18:29:35,240 [WARN] MainUpdater:1194 - Updater busy. Cannot search thirdparties
2024-10-22 18:29:35,242 [INFO] ThirdPartyUpdaterWithRetryManager:96 - Updater plugin is busy. [1/15]
2024-10-22 18:29:35,436 [INFO] CheckServerUpdateThread:120 - End of CheckServer Thread
2024-10-22 18:29:38,560 [WARN] PackLoader:240 - Cannot read IP mode file for STMicroelectronics.FP-SNS-MOTENVWB1.1.4.0
2024-10-22 18:29:38,593 [WARN] PackLoader:240 - Cannot read IP mode file for STMicroelectronics.X-CUBE-SMBUS.2.1.0
2024-10-22 18:29:38,625 [WARN] PackLoader:240 - Cannot read IP mode file for STMicroelectronics.X-CUBE-WB05N.1.1.0
2024-10-22 18:29:38,683 [WARN] PackLoader:240 - Cannot read IP mode file for STMicroelectronics.X-CUBE-AZRTOS-F7.1.1.0
2024-10-22 18:29:38,931 [WARN] PackLoader:240 - Cannot read IP mode file for STMicroelectronics.X-CUBE-MEMS1.11.0.0
2024-10-22 18:29:39,218 [WARN] PackLoader:240 - Cannot read IP mode file for STMicroelectronics.FP-SNS-FLIGHT1.5.0.2
2024-10-22 18:29:39,248 [WARN] PackLoader:240 - Cannot read IP mode file for STMicroelectronics.X-CUBE-DISPLAY.3.0.0
2024-10-22 18:29:39,292 [WARN] PackLoader:240 - Cannot read IP mode file for STMicroelectronics.X-CUBE-BLE1.7.0.0
2024-10-22 18:29:39,323 [WARN] PackLoader:240 - Cannot read IP mode file for STMicroelectronics.X-CUBE-NFC10.1.0.0
2024-10-22 18:29:39,338 [WARN] PackLoader:240 - Cannot read IP mode file for emotas.I-CUBE-CANOPEN.1.3.0
2024-10-22 18:29:39,367 [WARN] PackLoader:240 - Cannot read IP mode file for STMicroelectronics.X-CUBE-BLEMGR.3.1.0
2024-10-22 18:29:39,383 [WARN] PackLoader:240 - Cannot read IP mode file for STMicroelectronics.FP-SNS-SMARTAG2.1.2.0
2024-10-22 18:29:39,403 [INFO] LogOutputStream:77 - [STDOUT_REDIRECT] 1 : Invalid condition id : UX_CORESTACK_Condition cause : null
2024-10-22 18:29:39,407 [INFO] LogOutputStream:77 - [STDOUT_REDIRECT] 1 : Invalid condition id : UX_CORESTACK_Condition cause : null
2024-10-22 18:29:39,408 [INFO] LogOutputStream:77 - [STDOUT_REDIRECT] 1 : Invalid condition id : UX_CORESTACK_Condition cause : null
2024-10-22 18:29:39,409 [INFO] LogOutputStream:77 - [STDOUT_REDIRECT] 1 : Invalid condition id : UX_CORESTACK_Condition cause : null
2024-10-22 18:29:39,410 [INFO] LogOutputStream:77 - [STDOUT_REDIRECT] 1 : Invalid condition id : UX_CORESTACK_Condition cause : null
2024-10-22 18:29:39,419 [WARN] PackLoader:240 - Cannot read IP mode file for STMicroelectronics.X-CUBE-AZRTOS-WL.2.0.0
2024-10-22 18:29:39,428 [WARN] PackLoader:240 - Cannot read IP mode file for STMicroelectronics.FP-SNS-MOTENV1.5.0.0
2024-10-22 18:29:39,434 [WARN] PackLoader:240 - Cannot read IP mode file for wolfSSL.I-CUBE-wolfMQTT.1.19.0
2024-10-22 18:29:39,455 [WARN] PackLoader:240 - Cannot read IP mode file for WES.I-CUBE-Cesium.1.3.0
2024-10-22 18:29:39,466 [WARN] PackLoader:240 - Cannot read IP mode file for STMicroelectronics.X-CUBE-BLE2.3.3.0
2024-10-22 18:29:39,477 [WARN] PackLoader:240 - Cannot read IP mode file for STMicroelectronics.X-CUBE-NFC9.1.0.0
2024-10-22 18:29:39,496 [WARN] PackLoader:240 - Cannot read IP mode file for STMicroelectronics.X-CUBE-TCPP.4.1.0
2024-10-22 18:29:39,526 [WARN] PackLoader:240 - Cannot read IP mode file for STMicroelectronics.X-CUBE-AZRTOS-G0.1.1.0
2024-10-22 18:29:39,539 [WARN] PackLoader:240 - Cannot read IP mode file for STMicroelectronics.X-CUBE-SAFEA1.1.2.2
2024-10-22 18:29:39,548 [WARN] PackLoader:240 - Cannot read IP mode file for STMicroelectronics.X-CUBE-NFC4.3.0.0
2024-10-22 18:29:39,566 [WARN] PackLoader:240 - Cannot read IP mode file for EmbeddedOffice.I-CUBE-FS-RTOS.1.0.1
2024-10-22 18:29:39,570 [ERROR] ConditionMgr:805 - Attr not supported : Dmpu
2024-10-22 18:29:39,572 [ERROR] ConditionMgr:805 - Attr not supported : Dmpu
2024-10-22 18:29:39,572 [ERROR] ConditionMgr:805 - Attr not supported : Dmpu
2024-10-22 18:29:39,573 [ERROR] ConditionMgr:805 - Attr not supported : Dmpu
2024-10-22 18:29:39,573 [ERROR] ConditionMgr:805 - Attr not supported : Dmpu
2024-10-22 18:29:39,573 [ERROR] ConditionMgr:805 - Attr not supported : Dmpu
2024-10-22 18:29:39,573 [ERROR] ConditionMgr:805 - Attr not supported : Dmpu
2024-10-22 18:29:39,573 [ERROR] ConditionMgr:805 - Attr not supported : Dmpu
2024-10-22 18:29:39,573 [ERROR] ConditionMgr:805 - Attr not supported : Dmpu
2024-10-22 18:29:39,573 [ERROR] ConditionMgr:805 - Attr not supported : Dmpu
2024-10-22 18:29:39,573 [ERROR] ConditionMgr:805 - Attr not supported : Dmpu
2024-10-22 18:29:39,573 [ERROR] ConditionMgr:805 - Attr not supported : Dmpu
2024-10-22 18:29:39,573 [ERROR] ConditionMgr:805 - Attr not supported : Dmpu
2024-10-22 18:29:39,573 [ERROR] ConditionMgr:805 - Attr not supported : Dmpu
2024-10-22 18:29:39,574 [ERROR] ConditionMgr:805 - Attr not supported : Dmpu
2024-10-22 18:29:39,574 [ERROR] ConditionMgr:805 - Attr not supported : Dmpu
2024-10-22 18:29:39,574 [ERROR] ConditionMgr:805 - Attr not supported : Dmpu
2024-10-22 18:29:39,575 [ERROR] ConditionMgr:805 - Attr not supported : Dmpu
2024-10-22 18:29:39,575 [ERROR] ConditionMgr:805 - Attr not supported : Dmpu
2024-10-22 18:29:39,575 [ERROR] ConditionMgr:805 - Attr not supported : Dmpu
2024-10-22 18:29:39,575 [ERROR] ConditionMgr:805 - Attr not supported : Dmpu
2024-10-22 18:29:39,575 [ERROR] ConditionMgr:805 - Attr not supported : Dmpu
2024-10-22 18:29:39,575 [ERROR] ConditionMgr:805 - Attr not supported : Dmpu
2024-10-22 18:29:39,575 [ERROR] ConditionMgr:805 - Attr not supported : Dmpu
2024-10-22 18:29:39,575 [ERROR] ConditionMgr:805 - Attr not supported : Dmpu
2024-10-22 18:29:39,575 [ERROR] ConditionMgr:805 - Attr not supported : Dmpu
2024-10-22 18:29:39,575 [ERROR] ConditionMgr:805 - Attr not supported : Dmpu
2024-10-22 18:29:39,575 [ERROR] ConditionMgr:805 - Attr not supported : Dmpu
2024-10-22 18:29:39,576 [ERROR] ConditionMgr:805 - Attr not supported : Dmpu
2024-10-22 18:29:39,576 [ERROR] ConditionMgr:805 - Attr not supported : Dmpu
2024-10-22 18:29:39,576 [ERROR] ConditionMgr:805 - Attr not supported : Dmpu
2024-10-22 18:29:39,576 [ERROR] ConditionMgr:805 - Attr not supported : Dmpu
2024-10-22 18:29:39,576 [ERROR] ConditionMgr:805 - Attr not supported : Dmpu
2024-10-22 18:29:39,576 [ERROR] ConditionMgr:805 - Attr not supported : Dmpu
2024-10-22 18:29:39,576 [ERROR] ConditionMgr:805 - Attr not supported : Dmpu
2024-10-22 18:29:39,577 [ERROR] ConditionMgr:805 - Attr not supported : Dmpu
2024-10-22 18:29:39,578 [ERROR] ConditionMgr:805 - Attr not supported : Dmpu
2024-10-22 18:29:39,578 [ERROR] ConditionMgr:805 - Attr not supported : Dmpu
2024-10-22 18:29:39,578 [ERROR] ConditionMgr:805 - Attr not supported : Dmpu
2024-10-22 18:29:39,578 [ERROR] ConditionMgr:805 - Attr not supported : Dmpu
2024-10-22 18:29:39,578 [ERROR] ConditionMgr:805 - Attr not supported : Dmpu
2024-10-22 18:29:39,578 [ERROR] ConditionMgr:805 - Attr not supported : Dmpu
2024-10-22 18:29:39,578 [ERROR] ConditionMgr:805 - Attr not supported : Dmpu
2024-10-22 18:29:39,579 [ERROR] ConditionMgr:805 - Attr not supported : Dmpu
2024-10-22 18:29:39,579 [ERROR] ConditionMgr:805 - Attr not supported : Dmpu
2024-10-22 18:29:39,579 [ERROR] ConditionMgr:805 - Attr not supported : Dmpu
2024-10-22 18:29:39,579 [ERROR] ConditionMgr:805 - Attr not supported : Dmpu
2024-10-22 18:29:39,580 [ERROR] ConditionMgr:805 - Attr not supported : Dmpu
2024-10-22 18:29:39,580 [ERROR] ConditionMgr:805 - Attr not supported : Dmpu
2024-10-22 18:29:39,580 [ERROR] ConditionMgr:805 - Attr not supported : Dmpu
2024-10-22 18:29:39,580 [ERROR] ConditionMgr:805 - Attr not supported : Dmpu
2024-10-22 18:29:39,580 [ERROR] ConditionMgr:805 - Attr not supported : Dmpu
2024-10-22 18:29:39,580 [ERROR] ConditionMgr:805 - Attr not supported : Dmpu
2024-10-22 18:29:39,580 [ERROR] ConditionMgr:805 - Attr not supported : Dmpu
2024-10-22 18:29:39,580 [ERROR] ConditionMgr:805 - Attr not supported : Dmpu
2024-10-22 18:29:39,580 [ERROR] ConditionMgr:805 - Attr not supported : Dmpu
2024-10-22 18:29:39,580 [ERROR] ConditionMgr:805 - Attr not supported : Dmpu
2024-10-22 18:29:39,580 [ERROR] ConditionMgr:805 - Attr not supported : Dmpu
2024-10-22 18:29:39,580 [ERROR] ConditionMgr:805 - Attr not supported : Dmpu
2024-10-22 18:29:39,580 [ERROR] ConditionMgr:805 - Attr not supported : Dmpu
2024-10-22 18:29:39,580 [ERROR] ConditionMgr:805 - Attr not supported : Dmpu
2024-10-22 18:29:39,580 [ERROR] ConditionMgr:805 - Attr not supported : Dmpu
2024-10-22 18:29:39,581 [ERROR] ConditionMgr:805 - Attr not supported : Dmpu
2024-10-22 18:29:39,581 [ERROR] ConditionMgr:805 - Attr not supported : Dmpu
2024-10-22 18:29:39,586 [WARN] PackLoader:240 - Cannot read IP mode file for RealThread.X-CUBE-RT-Thread_Nano.4.1.1
2024-10-22 18:29:39,590 [WARN] PackLoader:240 - Cannot read IP mode file for STMicroelectronics.FP-ATR-SIGFOX1.3.2.0
2024-10-22 18:29:39,595 [WARN] PackLoader:240 - Cannot read IP mode file for wolfSSL.I-CUBE-wolfSSL.5.7.2
2024-10-22 18:29:39,602 [WARN] PackLoader:240 - Cannot read IP mode file for STMicroelectronics.X-CUBE-EEPRMA1.5.1.0
2024-10-22 18:29:39,610 [WARN] PackLoader:240 - Cannot read IP mode file for ITTIA_DB.I-CUBE-ITTIADB.8.9.0
2024-10-22 18:29:39,669 [WARN] PackLoader:240 - Cannot read IP mode file for SEGGER.I-CUBE-embOS.1.3.1
2024-10-22 18:29:39,928 [WARN] PackLoader:240 - Cannot read IP mode file for STMicroelectronics.X-CUBE-ALGOBUILD.1.4.0
2024-10-22 18:29:39,940 [WARN] PackLoader:240 - Cannot read IP mode file for STMicroelectronics.X-CUBE-AI.9.1.0
2024-10-22 18:29:39,962 [WARN] PackLoader:240 - Cannot read IP mode file for STMicroelectronics.X-CUBE-AZRTOS-F4.1.1.0
2024-10-22 18:29:39,973 [WARN] PackLoader:240 - Cannot read IP mode file for STMicroelectronics.X-CUBE-ISPU.2.1.0
2024-10-22 18:29:39,984 [WARN] PackLoader:240 - Cannot read IP mode file for STMicroelectronics.X-CUBE-FREERTOS.1.2.0
2024-10-22 18:29:40,023 [WARN] PackLoader:240 - Cannot read IP mode file for STMicroelectronics.X-CUBE-AZRTOS-L5.2.0.0
2024-10-22 18:29:40,079 [WARN] PackLoader:240 - Cannot read IP mode file for STMicroelectronics.X-CUBE-NFC6.3.1.0
2024-10-22 18:29:40,107 [WARN] PackLoader:240 - Cannot read IP mode file for STMicroelectronics.X-CUBE-DPower.1.2.0
2024-10-22 18:29:40,123 [WARN] PackLoader:240 - Cannot read IP mode file for STMicroelectronics.X-CUBE-NFC7.1.0.1
2024-10-22 18:29:40,168 [WARN] ConditionMgr:438 - getConditionDescription Invalid condition id : LAN8742 Phy interface Condition cause : null
2024-10-22 18:29:40,170 [WARN] PackLoader:240 - Cannot read IP mode file for STMicroelectronics.X-CUBE-AZRTOS-L4.2.0.0
2024-10-22 18:29:40,176 [WARN] ConditionMgr:1039 - genDependencies : Invalid condition id : LAN8742 Phy interface Condition cause : null
2024-10-22 18:29:40,177 [WARN] ConditionMgr:1039 - genDependencies : Invalid condition id : LAN8742 Phy interface Condition cause : null
2024-10-22 18:29:40,180 [WARN] ConditionMgr:1039 - genDependencies : Invalid condition id : LAN8742 Phy interface Condition cause : null
2024-10-22 18:29:40,194 [WARN] PackLoader:240 - Cannot read IP mode file for STMicroelectronics.X-CUBE-SFXS2LP1.4.0.0
2024-10-22 18:29:40,226 [WARN] PackLoader:240 - Cannot read IP mode file for STMicroelectronics.X-CUBE-AZRTOS-H7.3.3.0
2024-10-22 18:29:40,246 [WARN] PackLoader:240 - Cannot read IP mode file for STMicroelectronics.X-CUBE-IPS.3.0.0
2024-10-22 18:29:40,266 [WARN] ConditionMgr:438 - getConditionDescription Invalid condition id : UX DEVICE CLASS RTOS Condition cause : null
2024-10-22 18:29:40,266 [WARN] ConditionMgr:438 - getConditionDescription Invalid condition id : UX DEVICE CLASS RTOS Condition cause : null
2024-10-22 18:29:40,270 [WARN] PackLoader:240 - Cannot read IP mode file for STMicroelectronics.X-CUBE-AZRTOS-WB.2.0.0
2024-10-22 18:29:40,272 [WARN] ConditionMgr:1039 - genDependencies : Invalid condition id : UX DEVICE CLASS RTOS Condition cause : null
2024-10-22 18:29:40,272 [WARN] ConditionMgr:1039 - genDependencies : Invalid condition id : UX DEVICE CLASS RTOS Condition cause : null
2024-10-22 18:29:40,272 [WARN] ConditionMgr:1039 - genDependencies : Invalid condition id : UX DEVICE CLASS RTOS Condition cause : null
2024-10-22 18:29:40,273 [WARN] ConditionMgr:1039 - genDependencies : Invalid condition id : UX DEVICE CLASS RTOS Condition cause : null
2024-10-22 18:29:40,273 [WARN] ConditionMgr:1039 - genDependencies : Invalid condition id : UX DEVICE CLASS RTOS Condition cause : null
2024-10-22 18:29:40,282 [WARN] PackLoader:240 - Cannot read IP mode file for STMicroelectronics.X-CUBE-GNSS1.7.0.0
2024-10-22 18:29:40,290 [WARN] PackLoader:240 - Cannot read IP mode file for STMicroelectronics.FP-SNS-STBOX1.2.0.0
2024-10-22 18:29:40,305 [WARN] PackLoader:240 - Cannot read IP mode file for STMicroelectronics.X-CUBE-SUBG2.5.0.0
2024-10-22 18:29:40,320 [WARN] PackLoader:240 - Cannot read IP mode file for Cesanta.I-CUBE-Mongoose.7.13.0
2024-10-22 18:29:40,337 [WARN] PackLoader:240 - Cannot read IP mode file for STMicroelectronics.X-CUBE-AZRTOS-G4.2.0.0
2024-10-22 18:29:40,344 [WARN] PackLoader:240 - Cannot read IP mode file for STMicroelectronics.X-CUBE-ALS.1.0.2
2024-10-22 18:29:40,358 [WARN] PackLoader:240 - Cannot read IP mode file for STMicroelectronics.X-CUBE-TOUCHGFX.4.24.1
2024-10-22 18:29:40,363 [WARN] PackLoader:240 - Cannot read IP mode file for wolfSSL.I-CUBE-wolfTPM.3.4.0
2024-10-22 18:29:40,379 [WARN] PackLoader:240 - Cannot read IP mode file for portGmbH.I-Cube-SoM-uGOAL.1.1.0
2024-10-22 18:29:40,406 [WARN] PackLoader:240 - Cannot read IP mode file for STMicroelectronics.X-CUBE-AZRTOS-H7RS.1.0.0
2024-10-22 18:29:40,421 [WARN] PackLoader:240 - Cannot read IP mode file for STMicroelectronics.FP-ATR-ASTRA1.2.0.0
2024-10-22 18:29:40,435 [WARN] PackLoader:240 - Cannot read IP mode file for STMicroelectronics.X-CUBE-TOF1.3.4.2
2024-10-22 18:29:40,475 [WARN] PackLoader:240 - Cannot read IP mode file for Infineon.AIROC-Wi-Fi-Bluetooth-STM32.1.6.1
2024-10-22 18:29:40,485 [WARN] PackLoader:240 - Cannot read IP mode file for wolfSSL.I-CUBE-wolfSSH.1.4.17
2024-10-22 18:29:40,489 [INFO] ThirdParty:978 - Integrity check success = true
2024-10-22 18:29:40,489 [INFO] IntegrityCheckThread:100 - exiting critical section [integrity check]
2024-10-22 18:29:40,489 [INFO] IntegrityCheckThread:103 - End integrity checks thread
2024-10-22 18:31:29,647 [INFO] WebApp:167 - Instantiating new browser for Auth
2024-10-22 18:31:32,293 [INFO] WebApp:448 - Apply proxy settings
2024-10-22 18:31:32,318 [INFO] WebApp:493 - Chromium authenticates against Manually configured proxy
2024-10-22 18:31:32,340 [INFO] WebApp:501 - Username used for proxy authentication: 
2024-10-22 18:31:32,418 [INFO] WebApp:869 - Register for checkConnection events
2024-10-22 18:31:32,418 [INFO] WebApp:448 - Apply proxy settings
2024-10-22 18:31:32,420 [INFO] WebApp:493 - Chromium authenticates against Manually configured proxy
2024-10-22 18:31:32,421 [INFO] WebApp:501 - Username used for proxy authentication: 
2024-10-22 18:31:32,719 [INFO] WebApp:220 - Starting web application
2024-10-22 18:31:32,720 [INFO] WebApp:578 - Web application path used /Applications/STM32CubeIDE.app/Contents/Eclipse/plugins/com.st.stm32cube.common.mx_6.12.1.202409122256/db/plugins/mcufinder/reactClient1/index.html
2024-10-22 18:31:33,199 [INFO] WebApp:186 - Connection restablished
